<?xml version="1.0" encoding="UTF-8"?>
<!-- Generated by org.testng.reporters.JUnitReportReporter -->
<testsuite hostname="Mds-MBP-2.fios-router.home" failures="0" tests="1" name="iphone.Base" time="10.494" errors="0" timestamp="2020-10-08T23:16:28 EDT" skipped="0">
  <testcase classname="iphone.Base" name="getSimulator" time="10.494"/>
  <system-out/>
</testsuite> <!-- iphone.Base -->
