<?xml version="1.0" encoding="UTF-8"?>
<!-- Generated by org.testng.reporters.JUnitReportReporter -->
<testsuite hostname="Mds-MacBook-Pro.home" failures="0" tests="1" name="iphone.Itesting" time="11.189" errors="0" timestamp="2020-08-12T17:47:38 EDT" skipped="0">
  <testcase classname="iphone.Itesting" name="A" time="11.189"/>
  <system-out/>
</testsuite> <!-- iphone.Itesting -->
